<?xml version="1.0" encoding="UTF-8"?>
<testsuite xmlns:xsi="http://www.w3.org/2001/XMLSchema-instance" xsi:noNamespaceSchemaLocation="https://maven.apache.org/surefire/maven-surefire-plugin/xsd/surefire-test-report.xsd" version="3.0.2" name="com.DemoBootProject3ApplicationTests" time="3.039" tests="1" errors="0" skipped="0" failures="0">
  <properties>
[...]
</properties>
  <testcase name="contextLoads" classname="com.DemoBootProject3ApplicationTests" time="0.677">
    <system-out><![CDATA[12:30:09.822 [main] INFO org.springframework.test.context.support.AnnotationConfigContextLoaderUtils -- Could not detect default configuration classes for test class [com.DemoBootProject3ApplicationTests]: DemoBootProject3ApplicationTests does not declare any static, non-private, non-final, nested classes annotated with @Configuration.
12:30:09.928 [main] INFO org.springframework.boot.test.context.SpringBootTestContextBootstrapper -- Found @SpringBootConfiguration com.DemoBootProject3Application for test class com.DemoBootProject3ApplicationTests
12:30:10.082 [main] INFO org.springframework.boot.devtools.restart.RestartApplicationListener -- Restart disabled due to context in which it is running

  .   ____          _            __ _ _
 /\\ / ___'_ __ _ _(_)_ __  __ _ \ \ \ \
( ( )\___ | '_ | '_| | '_ \/ _` | \ \ \ \
 \\/  ___)| |_)| | | | | || (_| |  ) ) ) )
  '  |____| .__|_| |_|_| |_\__, | / / / /
 =========|_|==============|___/=/_/_/_/

 :: Spring Boot ::                (v3.4.3)

2025-03-17T12:30:10.317+05:30  INFO 19644 --- [DemoBootProject3] [           main] com.DemoBootProject3ApplicationTests     : Starting DemoBootProject3ApplicationTests using Java 21.0.5 with PID 19644 (started by manji in D:\Mphasis\SpringBootRest\DemoBootProject3)
2025-03-17T12:30:10.318+05:30  INFO 19644 --- [DemoBootProject3] [           main] com.DemoBootProject3ApplicationTests     : No active profile set, falling back to 1 default profile: "default"
2025-03-17T12:30:11.903+05:30  INFO 19644 --- [DemoBootProject3] [           main] o.s.b.a.e.web.EndpointLinksResolver      : Exposing 1 endpoint beneath base path '/actuator'
2025-03-17T12:30:11.953+05:30  INFO 19644 --- [DemoBootProject3] [           main] com.DemoBootProject3ApplicationTests     : Started DemoBootProject3ApplicationTests in 1.881 seconds (process running for 2.688)
]]></system-out>
    <system-err><![CDATA[Mockito is currently self-attaching to enable the inline-mock-maker. This will no longer work in future releases of the JDK. Please add Mockito as an agent to your build what is described in Mockito's documentation: https://javadoc.io/doc/org.mockito/mockito-core/latest/org/mockito/Mockito.html#0.3
WARNING: A Java agent has been loaded dynamically (C:\Users\manji\.m2\repository\net\bytebuddy\byte-buddy-agent\1.15.11\byte-buddy-agent-1.15.11.jar)
WARNING: If a serviceability tool is in use, please run with -XX:+EnableDynamicAgentLoading to hide this warning
WARNING: If a serviceability tool is not in use, please run with -Djdk.instrument.traceUsage for more information
WARNING: Dynamic loading of agents will be disallowed by default in a future release
]]></system-err>
  </testcase>
</testsuite>